[15:17:02] [main/INFO]: Setting user: ForgeDevName
[15:17:04] [Client thread/INFO]: LWJGL Version: 2.9.1
[15:17:08] [Client thread/INFO]: Reloading ResourceManager: Default, FMLFileResourcePack:Forge Mod Loader, FMLFileResourcePack:Minecraft Forge, FMLFileResourcePack:NewBlock
[15:17:08] [Client thread/WARN]: ResourcePack: ignored non-lowercase namespace: %s in %s
[15:17:09] [Sound Library Loader/INFO]: Sound engine started
[15:17:12] [Client thread/INFO]: Created: 512x256 textures/blocks-atlas
[15:17:12] [Client thread/ERROR]: Using missing texture, unable to load minecraft:textures/items/MISSING_ICON_ITEM_4096_mapleLeaf.png
java.io.FileNotFoundException: minecraft:textures/items/MISSING_ICON_ITEM_4096_mapleLeaf.png
	at net.minecraft.client.resources.FallbackResourceManager.getResource(FallbackResourceManager.java:65) ~[FallbackResourceManager.class:?]
	at net.minecraft.client.resources.SimpleReloadableResourceManager.getResource(SimpleReloadableResourceManager.java:67) ~[SimpleReloadableResourceManager.class:?]
	at net.minecraft.client.renderer.texture.TextureMap.loadTextureAtlas(TextureMap.java:126) [TextureMap.class:?]
	at net.minecraft.client.renderer.texture.TextureMap.loadTexture(TextureMap.java:91) [TextureMap.class:?]
	at net.minecraft.client.renderer.texture.TextureManager.loadTexture(TextureManager.java:89) [TextureManager.class:?]
	at net.minecraft.client.renderer.texture.TextureManager.loadTickableTexture(TextureManager.java:71) [TextureManager.class:?]
	at net.minecraft.client.renderer.texture.TextureManager.loadTextureMap(TextureManager.java:58) [TextureManager.class:?]
	at net.minecraft.client.Minecraft.startGame(Minecraft.java:593) [Minecraft.class:?]
	at net.minecraft.client.Minecraft.run(Minecraft.java:941) [Minecraft.class:?]
	at net.minecraft.client.main.Main.main(Main.java:164) [Main.class:?]
	at sun.reflect.NativeMethodAccessorImpl.invoke0(Native Method) ~[?:1.7.0_60]
	at sun.reflect.NativeMethodAccessorImpl.invoke(Unknown Source) ~[?:1.7.0_60]
	at sun.reflect.DelegatingMethodAccessorImpl.invoke(Unknown Source) ~[?:1.7.0_60]
	at java.lang.reflect.Method.invoke(Unknown Source) ~[?:1.7.0_60]
	at net.minecraft.launchwrapper.Launch.launch(Launch.java:135) [launchwrapper-1.11.jar:?]
	at net.minecraft.launchwrapper.Launch.main(Launch.java:28) [launchwrapper-1.11.jar:?]
	at sun.reflect.NativeMethodAccessorImpl.invoke0(Native Method) ~[?:1.7.0_60]
	at sun.reflect.NativeMethodAccessorImpl.invoke(Unknown Source) ~[?:1.7.0_60]
	at sun.reflect.DelegatingMethodAccessorImpl.invoke(Unknown Source) ~[?:1.7.0_60]
	at java.lang.reflect.Method.invoke(Unknown Source) ~[?:1.7.0_60]
	at GradleStart.bounce(GradleStart.java:107) [start/:?]
	at GradleStart.startClient(GradleStart.java:100) [start/:?]
	at GradleStart.main(GradleStart.java:55) [start/:?]
[15:17:12] [Client thread/INFO]: Created: 256x256 textures/items-atlas
[15:17:13] [Client thread/INFO]: Reloading ResourceManager: Default, FMLFileResourcePack:Forge Mod Loader, FMLFileResourcePack:Minecraft Forge, FMLFileResourcePack:NewBlock
[15:17:13] [Client thread/WARN]: ResourcePack: ignored non-lowercase namespace: %s in %s
[15:17:13] [Client thread/ERROR]: Using missing texture, unable to load minecraft:textures/items/MISSING_ICON_ITEM_4096_mapleLeaf.png
java.io.FileNotFoundException: minecraft:textures/items/MISSING_ICON_ITEM_4096_mapleLeaf.png
	at net.minecraft.client.resources.FallbackResourceManager.getResource(FallbackResourceManager.java:65) ~[FallbackResourceManager.class:?]
	at net.minecraft.client.resources.SimpleReloadableResourceManager.getResource(SimpleReloadableResourceManager.java:67) ~[SimpleReloadableResourceManager.class:?]
	at net.minecraft.client.renderer.texture.TextureMap.loadTextureAtlas(TextureMap.java:126) [TextureMap.class:?]
	at net.minecraft.client.renderer.texture.TextureMap.loadTexture(TextureMap.java:91) [TextureMap.class:?]
	at net.minecraft.client.renderer.texture.TextureManager.loadTexture(TextureManager.java:89) [TextureManager.class:?]
	at net.minecraft.client.renderer.texture.TextureManager.onResourceManagerReload(TextureManager.java:170) [TextureManager.class:?]
	at net.minecraft.client.resources.SimpleReloadableResourceManager.notifyReloadListeners(SimpleReloadableResourceManager.java:134) [SimpleReloadableResourceManager.class:?]
	at net.minecraft.client.resources.SimpleReloadableResourceManager.reloadResources(SimpleReloadableResourceManager.java:118) [SimpleReloadableResourceManager.class:?]
	at net.minecraft.client.Minecraft.refreshResources(Minecraft.java:653) [Minecraft.class:?]
	at cpw.mods.fml.client.FMLClientHandler.finishMinecraftLoading(FMLClientHandler.java:303) [FMLClientHandler.class:?]
	at net.minecraft.client.Minecraft.startGame(Minecraft.java:596) [Minecraft.class:?]
	at net.minecraft.client.Minecraft.run(Minecraft.java:941) [Minecraft.class:?]
	at net.minecraft.client.main.Main.main(Main.java:164) [Main.class:?]
	at sun.reflect.NativeMethodAccessorImpl.invoke0(Native Method) ~[?:1.7.0_60]
	at sun.reflect.NativeMethodAccessorImpl.invoke(Unknown Source) ~[?:1.7.0_60]
	at sun.reflect.DelegatingMethodAccessorImpl.invoke(Unknown Source) ~[?:1.7.0_60]
	at java.lang.reflect.Method.invoke(Unknown Source) ~[?:1.7.0_60]
	at net.minecraft.launchwrapper.Launch.launch(Launch.java:135) [launchwrapper-1.11.jar:?]
	at net.minecraft.launchwrapper.Launch.main(Launch.java:28) [launchwrapper-1.11.jar:?]
	at sun.reflect.NativeMethodAccessorImpl.invoke0(Native Method) ~[?:1.7.0_60]
	at sun.reflect.NativeMethodAccessorImpl.invoke(Unknown Source) ~[?:1.7.0_60]
	at sun.reflect.DelegatingMethodAccessorImpl.invoke(Unknown Source) ~[?:1.7.0_60]
	at java.lang.reflect.Method.invoke(Unknown Source) ~[?:1.7.0_60]
	at GradleStart.bounce(GradleStart.java:107) [start/:?]
	at GradleStart.startClient(GradleStart.java:100) [start/:?]
	at GradleStart.main(GradleStart.java:55) [start/:?]
[15:17:13] [Client thread/INFO]: Created: 256x256 textures/items-atlas
[15:17:13] [Client thread/INFO]: Created: 512x256 textures/blocks-atlas
[15:17:14] [Sound Library Loader/INFO]: Sound engine started
[15:17:17] [Server thread/INFO]: Starting integrated minecraft server version 1.7.10
[15:17:17] [Server thread/INFO]: Generating keypair
[15:17:18] [Server thread/INFO]: Preparing start region for level 0
[15:17:19] [Server thread/INFO]: Preparing spawn area: 63%
[15:17:19] [Server thread/INFO]: Changing view distance to 12, from 10
[15:17:19] [Server thread/INFO]: ForgeDevName[local:E:e2af1b1e] logged in with entity id 176 at (88.84856264704176, 89.0, -1083.482706404036)
[15:17:19] [Server thread/INFO]: ForgeDevName joined the game
[15:18:08] [Server thread/INFO]: Saving and pausing game...
[15:18:08] [Server thread/INFO]: Saving chunks for level 'New World'/Overworld
[15:18:08] [Server thread/INFO]: Saving chunks for level 'New World'/Nether
[15:18:08] [Server thread/INFO]: Saving chunks for level 'New World'/The End
[15:27:25] [Server thread/WARN]: The save is being accessed from another location, aborting
[15:28:10] [Server thread/WARN]: The save is being accessed from another location, aborting
[15:28:55] [Server thread/WARN]: The save is being accessed from another location, aborting
[15:29:40] [Server thread/WARN]: The save is being accessed from another location, aborting
[15:30:25] [Server thread/WARN]: The save is being accessed from another location, aborting
[15:31:10] [Server thread/WARN]: The save is being accessed from another location, aborting
[15:31:55] [Server thread/WARN]: The save is being accessed from another location, aborting
[15:32:40] [Server thread/WARN]: The save is being accessed from another location, aborting
[15:33:25] [Server thread/WARN]: The save is being accessed from another location, aborting
[15:34:10] [Server thread/WARN]: The save is being accessed from another location, aborting
[15:34:55] [Server thread/WARN]: The save is being accessed from another location, aborting
[15:35:40] [Server thread/WARN]: The save is being accessed from another location, aborting
[15:36:25] [Server thread/WARN]: The save is being accessed from another location, aborting
[15:37:10] [Server thread/WARN]: The save is being accessed from another location, aborting
[15:37:55] [Server thread/WARN]: The save is being accessed from another location, aborting
[15:38:40] [Server thread/WARN]: The save is being accessed from another location, aborting
[15:39:25] [Server thread/WARN]: The save is being accessed from another location, aborting
[15:40:10] [Server thread/WARN]: The save is being accessed from another location, aborting
[15:40:55] [Server thread/WARN]: The save is being accessed from another location, aborting
[15:41:40] [Server thread/WARN]: The save is being accessed from another location, aborting
[15:42:25] [Server thread/WARN]: The save is being accessed from another location, aborting
[15:43:10] [Server thread/WARN]: The save is being accessed from another location, aborting
[15:43:55] [Server thread/WARN]: The save is being accessed from another location, aborting
[15:44:40] [Server thread/WARN]: The save is being accessed from another location, aborting
[15:45:25] [Server thread/WARN]: The save is being accessed from another location, aborting
[15:46:10] [Server thread/WARN]: The save is being accessed from another location, aborting
[15:46:55] [Server thread/WARN]: The save is being accessed from another location, aborting
[15:47:40] [Server thread/WARN]: The save is being accessed from another location, aborting
[15:48:25] [Server thread/WARN]: The save is being accessed from another location, aborting
[15:49:10] [Server thread/WARN]: The save is being accessed from another location, aborting
[15:49:55] [Server thread/WARN]: The save is being accessed from another location, aborting
[15:50:40] [Server thread/WARN]: The save is being accessed from another location, aborting
od Loader, FMLFileResourcePack:Minecraft Forge, FMLFileResourcePack:NewBlock
[15:26:59] [Client thread/WARN]: ResourcePack: ignored non-lowercase namespace: %s in %s
[15:26:59] [Client thread/ERROR]: Using missing texture, unable to load minecraft:textures/items/MISSING_ICON_ITEM_4096_mapleLeaf.png
java.io.FileNotFoundException: minecraft:textures/items/MISSING_ICON_ITEM_4096_mapleLeaf.png
	at net.minecraft.client.resources.FallbackResourceManager.getResource(FallbackResourceManager.java:65) ~[FallbackResourceManager.class:?]
	at net.minecraft.client.resources.SimpleReloadableResourceManager.getResource(SimpleReloadableResourceManager.java:67) ~[SimpleReloadableResourceManager.class:?]
	at net.minecraft.client.renderer.texture.TextureMap.loadTextureAtlas(TextureMap.java:126) [TextureMap.class:?]
	at net.minecraft.client.renderer.texture.TextureMap.loadTexture(TextureMap.java:91) [TextureMap.class:?]
	at net.minecraft.client.renderer.texture.TextureManager.loadTexture(TextureManager.java:89) [TextureManager.class:?]
	at net.minecraft.client.renderer.texture.TextureManager.onResourceManagerReload(TextureManager.java:170) [TextureManager.class:?]
	at net.minecraft.client.resources.SimpleReloadableResourceManager.notifyReloadListeners(SimpleReloadableResourceManager.java:134) [SimpleReloadableResourceManager.class:?]
	at net.minecraft.client.resources.SimpleReloadableResourceManager.reloadResources(SimpleReloadableResourceManager.java:118) [SimpleReloadableResourceManager.class:?]
	at net.minecraft.client.Minecraft.refreshResources(Minecraft.java:653) [Minecraft.class:?]
	at cpw.mods.fml.client.FMLClientHandler.finishMinecraftLoading(FMLClientHandler.java:303) [FMLClientHandler.class:?]
	at net.minecraft.client.Minecraft.startGame(Minecraft.java:596) [Minecraft.class:?]
	at net.minecraft.client.Minecraft.run(Minecraft.java:941) [Minecraft.class:?]
	at net.minecraft.client.main.Main.main(Main.java:164) [Main.class:?]
	at sun.reflect.NativeMethodAccessorImpl.invoke0(Native Method) ~[?:1.7.0_60]
	at sun.reflect.NativeMethodAccessorImpl.invoke(Unknown Source) ~[?:1.7.0_60]
	at sun.reflect.DelegatingMethodAccessorImpl.invoke(Unknown Source) ~[?:1.7.0_60]
	at java.lang.reflect.Method.invoke(Unknown Source) ~[?:1.7.0_60]
	at net.minecraft.launchwrapper.Launch.launch(Launch.java:135) [launchwrapper-1.11.jar:?]
	at net.minecraft.launchwrapper.Launch.main(Launch.java:28) [launchwrapper-1.11.jar:?]
	at sun.reflect.NativeMethodAccessorImpl.invoke0(Native Method) ~[?:1.7.0_60]
	at sun.reflect.NativeMethodAccessorImpl.invoke(Unknown Source) ~[?:1.7.0_60]
	at sun.reflect.DelegatingMethodAccessorImpl.invoke(Unknown Source) ~[?:1.7.0_60]
	at java.lang.reflect.Method.invoke(Unknown Source) ~[?:1.7.0_60]
	at GradleStart.bounce(GradleStart.java:107) [start/:?]
	at GradleStart.startClient(GradleStart.java:100) [start/:?]
	at GradleStart.main(GradleStart.java:55) [start/:?]
[15:26:59] [Client thread/INFO]: Created: 256x256 textures/items-atlas
[15:26:59] [Client thread/INFO]: Created: 512x256 textures/blocks-atlas
[15:27:00] [Sound Library Loader/INFO]: Sound engine started
[15:27:05] [Server thread/INFO]: Starting integrated minecraft server version 1.7.10
[15:27:05] [Server thread/INFO]: Generating keypair
[15:27:06] [Server thread/INFO]: Preparing start region for level 0
[15:27:07] [Server thread/INFO]: Preparing spawn area: 54%
[15:27:07] [Server thread/INFO]: Changing view distance to 12, from 10
[15:27:08] [Server thread/INFO]: ForgeDevName[local:E:124783c1] logged in with entity id 178 at (101.34301386135897, 83.0, -1059.681258839123)
[15:27:08] [Server thread/INFO]: ForgeDevName joined the game
[15:27:12] [Server thread/WARN]: Can't keep up! Did the system time change, or is the server overloaded? Running 2218ms behind, skipping 44 tick(s)
[15:27:50] [Server thread/INFO]: Saving and pausing game...
[15:27:50] [Server thread/INFO]: Saving chunks for level 'New World'/Overworld
[15:27:50] [Server thread/INFO]: Saving chunks for level 'New World'/Nether
[15:27:50] [Server thread/INFO]: Saving chunks for level 'New World'/The End
[15:27:51] [Client thread/INFO]: Stopping!
[15:27:51] [Server thread/INFO]: Stopping server
[15:27:51] [Server thread/INFO]: Saving players
[15:27:51] [Server thread/INFO]: Saving worlds
[15:27:51] [Server thread/INFO]: Saving chunks for level 'New World'/Overworld
[15:27:51] [Server thread/INFO]: Saving chunks for level 'New World'/Nether
[15:27:51] [Server thread/INFO]: Saving chunks for level 'New World'/The End
[15:27:51] [Client Shutdown Thread/INFO]: Stopping server
[15:27:51] [Client Shutdown Thread/INFO]: Saving players
[15:34:08] [main/INFO]: Setting user: ForgeDevName
[15:34:10] [Client thread/INFO]: LWJGL Version: 2.9.1
[15:34:15] [Client thread/INFO]: Reloading ResourceManager: Default, FMLFileResourcePack:Forge Mod Loader, FMLFileResourcePack:Minecraft Forge, FMLFileResourcePack:NewBlock
[15:34:15] [Client thread/WARN]: ResourcePack: ignored non-lowercase namespace: %s in %s
[15:34:16] [Sound Library Loader/INFO]: Sound engine started
[15:34:18] [Client thread/INFO]: Created: 512x256 textures/blocks-atlas
[15:34:18] [Client thread/ERROR]: Using missing texture, unable to load minecraft:textures/items/MISSING_ICON_ITEM_4096_mapleLeaf.png
java.io.FileNotFoundException: minecraft:textures/items/MISSING_ICON_ITEM_4096_mapleLeaf.png
	at net.minecraft.client.resources.FallbackResourceManager.getResource(FallbackResourceManager.java:65) ~[FallbackResourceManager.class:?]
	at net.minecraft.client.resources.SimpleReloadableResourceManager.getResource(SimpleReloadableResourceManager.java:67) ~[SimpleReloadableResourceManager.class:?]
	at net.minecraft.client.renderer.texture.TextureMap.loadTextureAtlas(TextureMap.java:126) [TextureMap.class:?]
	at net.minecraft.client.renderer.texture.TextureMap.loadTexture(TextureMap.java:91) [TextureMap.class:?]
	at net.minecraft.client.renderer.texture.TextureManager.loadTexture(TextureManager.java:89) [TextureManager.class:?]
	at net.minecraft.client.renderer.texture.TextureManager.loadTickableTexture(TextureManager.java:71) [TextureManager.class:?]
	at net.minecraft.client.renderer.texture.TextureManager.loadTextureMap(TextureManager.java:58) [TextureManager.class:?]
	at net.minecraft.client.Minecraft.startGame(Minecraft.java:593) [Minecraft.class:?]
	at net.minecraft.client.Minecraft.run(Minecraft.java:941) [Minecraft.class:?]
	at net.minecraft.client.main.Main.main(Main.java:164) [Main.class:?]
	at sun.reflect.NativeMethodAccessorImpl.invoke0(Native Method) ~[?:1.7.0_60]
	at sun.reflect.NativeMethodAccessorImpl.invoke(Unknown Source) ~[?:1.7.0_60]
	at sun.reflect.DelegatingMethodAccessorImpl.invoke(Unknown Source) ~[?:1.7.0_60]
	at java.lang.reflect.Method.invoke(Unknown Source) ~[?:1.7.0_60]
	at net.minecraft.launchwrapper.Launch.launch(Launch.java:135) [launchwrapper-1.11.jar:?]
	at net.minecraft.launchwrapper.Launch.main(Launch.java:28) [launchwrapper-1.11.jar:?]
	at sun.reflect.NativeMethodAccessorImpl.invoke0(Native Method) ~[?:1.7.0_60]
	at sun.reflect.NativeMethodAccessorImpl.invoke(Unknown Source) ~[?:1.7.0_60]
	at sun.reflect.DelegatingMethodAccessorImpl.invoke(Unknown Source) ~[?:1.7.0_60]
	at java.lang.reflect.Method.invoke(Unknown Source) ~[?:1.7.0_60]
	at GradleStart.bounce(GradleStart.java:107) [start/:?]
	at GradleStart.startClient(GradleStart.java:100) [start/:?]
	at GradleStart.main(GradleStart.java:55) [start/:?]
[15:34:18] [Client thread/INFO]: Created: 256x256 textures/items-atlas
[15:34:18] [Client thread/INFO]: Reloading ResourceManager: Default, FMLFileResourcePack:Forge Mod Loader, FMLFileResourcePack:Minecraft Forge, FMLFileResourcePack:NewBlock
[15:34:18] [Client thread/WARN]: ResourcePack: ignored non-lowercase namespace: %s in %s
[15:34:18] [Client thread/ERROR]: Using missing texture, unable to load minecraft:textures/items/MISSING_ICON_ITEM_4096_mapleLeaf.png
java.io.FileNotFoundException: minecraft:textures/items/MISSING_ICON_ITEM_4096_mapleLeaf.png
	at net.minecraft.client.resources.FallbackResourceManager.getResource(FallbackResourceManager.java:65) ~[FallbackResourceManager.class:?]
	at net.minecraft.client.resources.SimpleReloadableResourceManager.getResource(SimpleReloadableResourceManager.java:67) ~[SimpleReloadableResourceManager.class:?]
	at net.minecraft.client.renderer.texture.TextureMap.loadTextureAtlas(TextureMap.java:126) [TextureMap.class:?]
	at net.minecraft.client.renderer.texture.TextureMap.loadTexture(TextureMap.java:91) [TextureMap.class:?]
	at net.minecraft.client.renderer.texture.TextureManager.loadTexture(TextureManager.java:89) [TextureManager.class:?]
	at net.minecraft.client.renderer.texture.TextureManager.onResourceManagerReload(TextureManager.java:170) [TextureManager.class:?]
	at net.minecraft.client.resources.SimpleReloadableResourceManager.notifyReloadListeners(SimpleReloadableResourceManager.java:134) [SimpleReloadableResourceManager.class:?]
	at net.minecraft.client.resources.SimpleReloadableResourceManager.reloadResources(SimpleReloadableResourceManager.java:118) [SimpleReloadableResourceManager.class:?]
	at net.minecraft.client.Minecraft.refreshResources(Minecraft.java:653) [Minecraft.class:?]
	at cpw.mods.fml.client.FMLClientHandler.finishMinecraftLoading(FMLClientHandler.java:303) [FMLClientHandler.class:?]
	at net.minecraft.client.Minecraft.startGame(Minecraft.java:596) [Minecraft.class:?]
	at net.minecraft.client.Minecraft.run(Minecraft.java:941) [Minecraft.class:?]
	at net.minecraft.client.main.Main.main(Main.java:164) [Main.class:?]
	at sun.reflect.NativeMethodAccessorImpl.invoke0(Native Method) ~[?:1.7.0_60]
	at sun.reflect.NativeMethodAccessorImpl.invoke(Unknown Source) ~[?:1.7.0_60]
	at sun.reflect.DelegatingMethodAccessorImpl.invoke(Unknown Source) ~[?:1.7.0_60]
	at java.lang.reflect.Method.invoke(Unknown Source) ~[?:1.7.0_60]
	at net.minecraft.launchwrapper.Launch.launch(Launch.java:135) [launchwrapper-1.11.jar:?]
	at net.minecraft.launchwrapper.Launch.main(Launch.java:28) [launchwrapper-1.11.jar:?]
	at sun.reflect.NativeMethodAccessorImpl.invoke0(Native Method) ~[?:1.7.0_60]
	at sun.reflect.NativeMethodAccessorImpl.invoke(Unknown Source) ~[?:1.7.0_60]
	at sun.reflect.DelegatingMethodAccessorImpl.invoke(Unknown Source) ~[?:1.7.0_60]
	at java.lang.reflect.Method.invoke(Unknown Source) ~[?:1.7.0_60]
	at GradleStart.bounce(GradleStart.java:107) [start/:?]
	at GradleStart.startClient(GradleStart.java:100) [start/:?]
	at GradleStart.main(GradleStart.java:55) [start/:?]
[15:34:18] [Client thread/INFO]: Created: 256x256 textures/items-atlas
[15:34:19] [Client thread/INFO]: Created: 512x256 textures/blocks-atlas
[15:34:20] [Sound Library Loader/INFO]: Sound engine started
[15:34:23] [Server thread/INFO]: Starting integrated minecraft server version 1.7.10
[15:34:23] [Server thread/INFO]: Generating keypair
[15:34:24] [Server thread/INFO]: Preparing start region for level 0
[15:34:25] [Server thread/INFO]: Preparing spawn area: 51%
[15:34:25] [Server thread/INFO]: Changing view distance to 12, from 10
[15:34:26] [Server thread/INFO]: ForgeDevName[local:E:b62de660] logged in with entity id 178 at (42.3167815512309, 83.49771478177003, -1063.2071991615364)
[15:34:26] [Server thread/INFO]: ForgeDevName joined the game
[15:34:28] [Server thread/WARN]: Can't keep up! Did the system time change, or is the server overloaded? Running 2025ms behind, skipping 40 tick(s)
[15:35:23] [Client thread/INFO]: Stopping!
[15:35:23] [Server thread/INFO]: Stopping server
[15:35:23] [Server thread/INFO]: Saving players
[15:35:23] [Server thread/INFO]: Saving worlds
[15:35:23] [Server thread/INFO]: Saving chunks for level 'New World'/Overworld
[15:35:23] [Server thread/INFO]: Saving chunks for level 'New World'/Nether
[15:35:23] [Server thread/INFO]: Saving chunks for level 'New World'/The End
[15:35:24] [Client Shutdown Thread/INFO]: Stopping server
[15:35:24] [Client Shutdown Thread/INFO]: Saving players
[15:40:26] [main/INFO]: Setting user: ForgeDevName
[15:40:28] [Client thread/INFO]: LWJGL Version: 2.9.1
[15:40:34] [Client thread/INFO]: Reloading ResourceManager: Default, FMLFileResourcePack:Forge Mod Loader, FMLFileResourcePack:Minecraft Forge, FMLFileResourcePack:NewBlock
[15:40:34] [Client thread/WARN]: ResourcePack: ignored non-lowercase namespace: %s in %s
[15:40:35] [Sound Library Loader/INFO]: Sound engine started
[15:40:36] [Client thread/INFO]: Created: 512x256 textures/blocks-atlas
[15:40:36] [Client thread/ERROR]: Using missing texture, unable to load minecraft:textures/items/MISSING_ICON_ITEM_4096_mapleLeaf.png
java.io.FileNotFoundException: minecraft:textures/items/MISSING_ICON_ITEM_4096_mapleLeaf.png
	at net.minecraft.client.resources.FallbackResourceManager.getResource(FallbackResourceManager.java:65) ~[FallbackResourceManager.class:?]
	at net.minecraft.client.resources.SimpleReloadableResourceManager.getResource(SimpleReloadableResourceManager.java:67) ~[SimpleReloadableResourceManager.class:?]
	at net.minecraft.client.renderer.texture.TextureMap.loadTextureAtlas(TextureMap.java:126) [TextureMap.class:?]
	at net.minecraft.client.renderer.texture.TextureMap.loadTexture(TextureMap.java:91) [TextureMap.class:?]
	at net.minecraft.client.renderer.texture.TextureManager.loadTexture(TextureManager.java:89) [TextureManager.class:?]
	at net.minecraft.client.renderer.texture.TextureManager.loadTickableTexture(TextureManager.java:71) [TextureManager.class:?]
	at net.minecraft.client.renderer.texture.TextureManager.loadTextureMap(TextureManager.java:58) [TextureManager.class:?]
	at net.minecraft.client.Minecraft.startGame(Minecraft.java:593) [Minecraft.class:?]
	at net.minecraft.client.Minecraft.run(Minecraft.java:941) [Minecraft.class:?]
	at net.minecraft.client.main.Main.main(Main.java:164) [Main.class:?]
	at sun.reflect.NativeMethodAccessorImpl.invoke0(Native Method) ~[?:1.7.0_60]
	at sun.reflect.NativeMethodAccessorImpl.invoke(Unknown Source) ~[?:1.7.0_60]
	at sun.reflect.DelegatingMethodAccessorImpl.invoke(Unknown Source) ~[?:1.7.0_60]
	at java.lang.reflect.Method.invoke(Unknown Source) ~[?:1.7.0_60]
	at net.minecraft.launchwrapper.Launch.launch(Launch.java:135) [launchwrapper-1.11.jar:?]
	at net.minecraft.launchwrapper.Launch.main(Launch.java:28) [launchwrapper-1.11.jar:?]
	at sun.reflect.NativeMethodAccessorImpl.invoke0(Native Method) ~[?:1.7.0_60]
	at sun.reflect.NativeMethodAccessorImpl.invoke(Unknown Source) ~[?:1.7.0_60]
	at sun.reflect.DelegatingMethodAccessorImpl.invoke(Unknown Source) ~[?:1.7.0_60]
	at java.lang.reflect.Method.invoke(Unknown Source) ~[?:1.7.0_60]
	at GradleStart.bounce(GradleStart.java:107) [start/:?]
	at GradleStart.startClient(GradleStart.java:100) [start/:?]
	at GradleStart.main(GradleStart.java:55) [start/:?]
[15:40:36] [Client thread/INFO]: Created: 256x256 textures/items-atlas
[15:40:37] [Client thread/INFO]: Reloading ResourceManager: Default, FMLFileResourcePack:Forge Mod Loader, FMLFileResourcePack:Minecraft Forge, FMLFileResourcePack:NewBlock
[15:40:37] [Client thread/WARN]: ResourcePack: ignored non-lowercase namespace: %s in %s
[15:40:37] [Client thread/ERROR]: Using missing texture, unable to load minecraft:textures/items/MISSING_ICON_ITEM_4096_mapleLeaf.png
java.io.FileNotFoundException: minecraft:textures/items/MISSING_ICON_ITEM_4096_mapleLeaf.png
	at net.minecraft.client.resources.FallbackResourceManager.getResource(FallbackResourceManager.java:65) ~[FallbackResourceManager.class:?]
	at net.minecraft.client.resources.SimpleReloadableResourceManager.getResource(SimpleReloadableResourceManager.java:67) ~[SimpleReloadableResourceManager.class:?]
	at net.minecraft.client.renderer.texture.TextureMap.loadTextureAtlas(TextureMap.java:126) [TextureMap.class:?]
	at net.minecraft.client.renderer.texture.TextureMap.loadTexture(TextureMap.java:91) [TextureMap.class:?]
	at net.minecraft.client.renderer.texture.TextureManager.loadTexture(TextureManager.java:89) [TextureManager.class:?]
	at net.minecraft.client.renderer.texture.TextureManager.onResourceManagerReload(TextureManager.java:170) [TextureManager.class:?]
	at net.minecraft.client.resources.SimpleReloadableResourceManager.notifyReloadListeners(SimpleReloadableResourceManager.java:134) [SimpleReloadableResourceManager.class:?]
	at net.minecraft.client.resources.SimpleReloadableResourceManager.reloadResources(SimpleReloadableResourceManager.java:118) [SimpleReloadableResourceManager.class:?]
	at net.minecraft.client.Minecraft.refreshResources(Minecraft.java:653) [Minecraft.class:?]
	at cpw.mods.fml.client.FMLClientHandler.finishMinecraftLoading(FMLClientHandler.java:303) [FMLClientHandler.class:?]
	at net.minecraft.client.Minecraft.startGame(Minecraft.java:596) [Minecraft.class:?]
	at net.minecraft.client.Minecraft.run(Minecraft.java:941) [Minecraft.class:?]
	at net.minecraft.client.main.Main.main(Main.java:164) [Main.class:?]
	at sun.reflect.NativeMethodAccessorImpl.invoke0(Native Method) ~[?:1.7.0_60]
	at sun.reflect.NativeMethodAccessorImpl.invoke(Unknown Source) ~[?:1.7.0_60]
	at sun.reflect.DelegatingMethodAccessorImpl.invoke(Unknown Source) ~[?:1.7.0_60]
	at java.lang.reflect.Method.invoke(Unknown Source) ~[?:1.7.0_60]
	at net.minecraft.launchwrapper.Launch.launch(Launch.java:135) [launchwrapper-1.11.jar:?]
	at net.minecraft.launchwrapper.Launch.main(Launch.java:28) [launchwrapper-1.11.jar:?]
	at sun.reflect.NativeMethodAccessorImpl.invoke0(Native Method) ~[?:1.7.0_60]
	at sun.reflect.NativeMethodAccessorImpl.invoke(Unknown Source) ~[?:1.7.0_60]
	at sun.reflect.DelegatingMethodAccessorImpl.invoke(Unknown Source) ~[?:1.7.0_60]
	at java.lang.reflect.Method.invoke(Unknown Source) ~[?:1.7.0_60]
	at GradleStart.bounce(GradleStart.java:107) [start/:?]
	at GradleStart.startClient(GradleStart.java:100) [start/:?]
	at GradleStart.main(GradleStart.java:55) [start/:?]
[15:40:37] [Client thread/INFO]: Created: 256x256 textures/items-atlas
[15:40:37] [Client thread/INFO]: Created: 512x256 textures/blocks-atlas
[15:40:38] [Sound Library Loader/INFO]: Sound engine started
[15:40:42] [Server thread/INFO]: Starting integrated minecraft server version 1.7.10
[15:40:42] [Server thread/INFO]: Generating keypair
[15:40:43] [Server thread/INFO]: Preparing start region for level 0
[15:40:44] [Server thread/INFO]: Preparing spawn area: 46%
[15:40:45] [Server thread/INFO]: Changing view distance to 12, from 10
[15:40:45] [Server thread/INFO]: ForgeDevName[local:E:bf426db9] logged in with entity id 178 at (47.567022933079585, 83.49771478177003, -1052.8458884893917)
[15:40:45] [Server thread/INFO]: ForgeDevName joined the game
[15:40:47] [Server thread/WARN]: Can't keep up! Did the system time change, or is the server overloaded? Running 2208ms behind, skipping 44 tick(s)
[15:41:44] [Server thread/INFO]: Saving and pausing game...
[15:41:44] [Server thread/INFO]: Saving chunks for level 'New World'/Overworld
[15:41:44] [Server thread/INFO]: Saving chunks for level 'New World'/Nether
[15:41:44] [Server thread/INFO]: Saving chunks for level 'New World'/The End
[15:41:45] [Client thread/INFO]: Stopping!
[15:41:45] [Server thread/INFO]: Stopping server
[15:41:45] [Server thread/INFO]: Saving players
[15:41:45] [Server thread/INFO]: Saving worlds
[15:41:45] [Server thread/INFO]: Saving chunks for level 'New World'/Overworld
[15:41:45] [Server thread/INFO]: Saving chunks for level 'New World'/Nether
[15:41:45] [Server thread/INFO]: Saving chunks for level 'New World'/The End
[15:41:45] [Client Shutdown Thread/INFO]: Stopping server
[15:41:45] [Client Shutdown Thread/INFO]: Saving players
